#
# There is insufficient memory for the Java Runtime Environment to continue.
# Native memory allocation (mmap) failed to map 198180864 bytes for committing reserved memory.
# Possible reasons:
#   The system is out of physical RAM or swap space
#   In 32 bit mode, the process size limit was hit
# Possible solutions:
#   Reduce memory load on the system
#   Increase physical memory or swap space
#   Check if swap backing store is full
#   Use 64 bit Java on a 64 bit OS
#   Decrease Java heap size (-Xmx/-Xms)
#   Decrease number of Java threads
#   Decrease Java thread stack sizes (-Xss)
#   Set larger code cache with -XX:ReservedCodeCacheSize=
# This output file may be truncated or incomplete.
#
#  Out of Memory Error (os_linux.cpp:2640), pid=35994, tid=0x00007f0bafafa700
#
# JRE version: Java(TM) SE Runtime Environment (8.0_171-b11) (build 1.8.0_171-b11)
# Java VM: Java HotSpot(TM) 64-Bit Server VM (25.171-b11 mixed mode linux-amd64 compressed oops)
# Failed to write core dump. Core dumps have been disabled. To enable core dumping, try "ulimit -c unlimited" before starting Java again
#

---------------  T H R E A D  ---------------

Current thread (0x00007f0bd4079000):  VMThread [stack: 0x00007f0baf9fa000,0x00007f0bafafb000] [id=36001]

Stack: [0x00007f0baf9fa000,0x00007f0bafafb000],  sp=0x00007f0bafaf8fb0,  free space=1019k
Native frames: (J=compiled Java code, j=interpreted, Vv=VM code, C=native code)
V  [libjvm.so+0xacfffa]  VMError::report_and_die()+0x2ba
V  [libjvm.so+0x5005cb]  report_vm_out_of_memory(char const*, int, unsigned long, VMErrorType, char const*)+0x8b
V  [libjvm.so+0x92dd93]  os::Linux::commit_memory_impl(char*, unsigned long, bool)+0x123
V  [libjvm.so+0x92dfb9]  os::pd_commit_memory(char*, unsigned long, unsigned long, bool)+0x29
V  [libjvm.so+0x92527a]  os::commit_memory(char*, unsigned long, unsigned long, bool)+0x2a
V  [libjvm.so+0x99b223]  PSVirtualSpace::expand_by(unsigned long)+0x53
V  [libjvm.so+0x99c628]  PSYoungGen::resize_generation(unsigned long, unsigned long)+0xf8
V  [libjvm.so+0x99b782]  PSYoungGen::resize(unsigned long, unsigned long)+0x22
V  [libjvm.so+0x998a5b]  PSScavenge::invoke_no_policy()+0xf3b
V  [libjvm.so+0x993d05]  PSParallelCompact::invoke(bool)+0x85
V  [libjvm.so+0x487124]  CollectedHeap::collect_as_vm_thread(GCCause::Cause)+0x114
V  [libjvm.so+0xad1481]  VM_CollectForMetadataAllocation::doit()+0x161
V  [libjvm.so+0xad9595]  VM_Operation::evaluate()+0x55
V  [libjvm.so+0xad795a]  VMThread::evaluate_operation(VM_Operation*)+0xba
V  [libjvm.so+0xad7cde]  VMThread::loop()+0x1ce
V  [libjvm.so+0xad8150]  VMThread::run()+0x70
V  [libjvm.so+0x92e0f8]  java_start(Thread*)+0x108

VM_Operation (0x00007f0bdc76cd20): CollectForMetadataAllocation, mode: safepoint, requested by thread 0x00007f0bd400b000


---------------  P R O C E S S  ---------------

Java Threads: ( => current thread )
  0x00007f0bd45b7800 JavaThread "process reaper" daemon [_thread_blocked, id=36012, stack(0x00007f0bbc05f000,0x00007f0bbc098000)]
  0x00007f0bd40db800 JavaThread "Service Thread" daemon [_thread_blocked, id=36008, stack(0x00007f0baf016000,0x00007f0baf117000)]
  0x00007f0bd40be000 JavaThread "C1 CompilerThread2" daemon [_thread_blocked, id=36007, stack(0x00007f0baf117000,0x00007f0baf218000)]
  0x00007f0bd40bc800 JavaThread "C2 CompilerThread1" daemon [_thread_blocked, id=36006, stack(0x00007f0baf218000,0x00007f0baf319000)]
  0x00007f0bd40b9800 JavaThread "C2 CompilerThread0" daemon [_thread_blocked, id=36005, stack(0x00007f0baf319000,0x00007f0baf41a000)]
  0x00007f0bd40b8000 JavaThread "Signal Dispatcher" daemon [_thread_blocked, id=36004, stack(0x00007f0baf41a000,0x00007f0baf51b000)]
  0x00007f0bd4085800 JavaThread "Finalizer" daemon [_thread_blocked, id=36003, stack(0x00007f0baf7f8000,0x00007f0baf8f9000)]
  0x00007f0bd4081000 JavaThread "Reference Handler" daemon [_thread_blocked, id=36002, stack(0x00007f0baf8f9000,0x00007f0baf9fa000)]
  0x00007f0bd400b000 JavaThread "main" [_thread_blocked, id=35996, stack(0x00007f0bdc670000,0x00007f0bdc771000)]

Other Threads:
=>0x00007f0bd4079000 VMThread [stack: 0x00007f0baf9fa000,0x00007f0bafafb000] [id=36001]
  0x00007f0bd40e0800 WatcherThread [stack: 0x00007f0baef15000,0x00007f0baf016000] [id=36009]

VM state:at safepoint (normal execution)

VM Mutex/Monitor currently owned by a thread:  ([mutex/lock_event])
[0x00007f0bd4007a60] Threads_lock - owner thread: 0x00007f0bd4079000
[0x00007f0bd4007f60] Heap_lock - owner thread: 0x00007f0bd400b000

Heap:
 PSYoungGen      total 255488K, used 11348K [0x00000000d6900000, 0x00000000e7e00000, 0x0000000100000000)
  eden space 233984K, 0% used [0x00000000d6900000,0x00000000d6900000,0x00000000e4d80000)
  from space 21504K, 52% used [0x00000000e5400000,0x00000000e5f15398,0x00000000e6900000)
  to   space 10752K, 0% used [0x00000000e7380000,0x00000000e7380000,0x00000000e7e00000)
 ParOldGen       total 59904K, used 30142K [0x0000000083a00000, 0x0000000087480000, 0x00000000d6900000)
  object space 59904K, 50% used [0x0000000083a00000,0x000000008576f830,0x0000000087480000)
 Metaspace       used 34764K, capacity 35406K, committed 35496K, reserved 1081344K
  class space    used 4047K, capacity 4259K, committed 4264K, reserved 1048576K

Card table byte_map: [0x00007f0bd8f87000,0x00007f0bd936b000] byte_map_base: 0x00007f0bd8b6a000

Marking Bits: (ParMarkBitMap*) 0x00007f0bdbb13280
 Begin Bits: [0x00007f0bbc1d0000, 0x00007f0bbe0e8000)
 End Bits:   [0x00007f0bbe0e8000, 0x00007f0bc0000000)

Polling page: 0x00007f0bdc78d000

CodeCache: size=245760Kb used=14020Kb max_used=14238Kb free=231739Kb
 bounds [0x00007f0bc5000000, 0x00007f0bc5e00000, 0x00007f0bd4000000]
 total_blobs=4522 nmethods=4078 adapters=358
 compilation: enabled

Compilation events (10 events):
Event: 47.579 Thread 0x00007f0bd40be000 4542       1       org.eclipse.persistence.descriptors.ClassDescriptor::getTables (5 bytes)
Event: 47.579 Thread 0x00007f0bd40be000 nmethod 4542 0x00007f0bc5dc9cd0 code [0x00007f0bc5dc9e20, 0x00007f0bc5dc9f30]
Event: 47.585 Thread 0x00007f0bd40be000 4543  s    3       java.util.Vector::iterator (10 bytes)
Event: 47.623 Thread 0x00007f0bd40be000 nmethod 4543 0x00007f0bc559fb50 code [0x00007f0bc559fce0, 0x00007f0bc55a0150]
Event: 47.624 Thread 0x00007f0bd40be000 4546       1       org.eclipse.persistence.oxm.XMLField::getXPathFragment (5 bytes)
Event: 47.624 Thread 0x00007f0bd40be000 nmethod 4546 0x00007f0bc5434b90 code [0x00007f0bc5434ce0, 0x00007f0bc5434df0]
Event: 47.624 Thread 0x00007f0bd40be000 4544       3       java.util.Vector$Itr::<init> (6 bytes)
Event: 47.625 Thread 0x00007f0bd40be000 nmethod 4544 0x00007f0bc559f650 code [0x00007f0bc559f7c0, 0x00007f0bc559f9f0]
Event: 47.625 Thread 0x00007f0bd40be000 4545       1       org.eclipse.persistence.descriptors.ClassDescriptor::getDefaultTable (5 bytes)
Event: 47.626 Thread 0x00007f0bd40be000 nmethod 4545 0x00007f0bc5666e10 code [0x00007f0bc5666f60, 0x00007f0bc5667070]

GC Heap History (10 events):
Event: 24.599 GC heap after
Heap after GC invocations=3 (full 0):
 PSYoungGen      total 70656K, used 5104K [0x00000000d6900000, 0x00000000df300000, 0x0000000100000000)
  eden space 65536K, 0% used [0x00000000d6900000,0x00000000d6900000,0x00000000da900000)
  from space 5120K, 99% used [0x00000000da900000,0x00000000dadfc250,0x00000000dae00000)
  to   space 5120K, 0% used [0x00000000dee00000,0x00000000dee00000,0x00000000df300000)
 ParOldGen       total 86016K, used 7913K [0x0000000083a00000, 0x0000000088e00000, 0x00000000d6900000)
  object space 86016K, 9% used [0x0000000083a00000,0x00000000841ba6a0,0x0000000088e00000)
 Metaspace       used 18680K, capacity 19042K, committed 19328K, reserved 1067008K
  class space    used 2263K, capacity 2387K, committed 2432K, reserved 1048576K
}
Event: 26.602 GC heap before
{Heap before GC invocations=4 (full 0):
 PSYoungGen      total 70656K, used 70640K [0x00000000d6900000, 0x00000000df300000, 0x0000000100000000)
  eden space 65536K, 100% used [0x00000000d6900000,0x00000000da900000,0x00000000da900000)
  from space 5120K, 99% used [0x00000000da900000,0x00000000dadfc250,0x00000000dae00000)
  to   space 5120K, 0% used [0x00000000dee00000,0x00000000dee00000,0x00000000df300000)
 ParOldGen       total 86016K, used 7913K [0x0000000083a00000, 0x0000000088e00000, 0x00000000d6900000)
  object space 86016K, 9% used [0x0000000083a00000,0x00000000841ba6a0,0x0000000088e00000)
 Metaspace       used 19395K, capacity 19776K, committed 19968K, reserved 1067008K
  class space    used 2322K, capacity 2460K, committed 2560K, reserved 1048576K
Event: 26.628 GC heap after
Heap after GC invocations=4 (full 0):
 PSYoungGen      total 136192K, used 5088K [0x00000000d6900000, 0x00000000df300000, 0x0000000100000000)
  eden space 131072K, 0% used [0x00000000d6900000,0x00000000d6900000,0x00000000de900000)
  from space 5120K, 99% used [0x00000000dee00000,0x00000000df2f8020,0x00000000df300000)
  to   space 5120K, 0% used [0x00000000de900000,0x00000000de900000,0x00000000dee00000)
 ParOldGen       total 86016K, used 10747K [0x0000000083a00000, 0x0000000088e00000, 0x00000000d6900000)
  object space 86016K, 12% used [0x0000000083a00000,0x000000008447efb0,0x0000000088e00000)
 Metaspace       used 19395K, capacity 19776K, committed 19968K, reserved 1067008K
  class space    used 2322K, capacity 2460K, committed 2560K, reserved 1048576K
}
Event: 28.859 GC heap before
{Heap before GC invocations=5 (full 0):
 PSYoungGen      total 136192K, used 54093K [0x00000000d6900000, 0x00000000df300000, 0x0000000100000000)
  eden space 131072K, 37% used [0x00000000d6900000,0x00000000d98db408,0x00000000de900000)
  from space 5120K, 99% used [0x00000000dee00000,0x00000000df2f8020,0x00000000df300000)
  to   space 5120K, 0% used [0x00000000de900000,0x00000000de900000,0x00000000dee00000)
 ParOldGen       total 86016K, used 10747K [0x0000000083a00000, 0x0000000088e00000, 0x00000000d6900000)
  object space 86016K, 12% used [0x0000000083a00000,0x000000008447efb0,0x0000000088e00000)
 Metaspace       used 20496K, capacity 21068K, committed 21296K, reserved 1069056K
  class space    used 2417K, capacity 2614K, committed 2688K, reserved 1048576K
Event: 29.154 GC heap after
Heap after GC invocations=5 (full 0):
 PSYoungGen      total 136192K, used 5104K [0x00000000d6900000, 0x00000000e7e00000, 0x0000000100000000)
  eden space 131072K, 0% used [0x00000000d6900000,0x00000000d6900000,0x00000000de900000)
  from space 5120K, 99% used [0x00000000de900000,0x00000000dedfc010,0x00000000dee00000)
  to   space 10752K, 0% used [0x00000000e7380000,0x00000000e7380000,0x00000000e7e00000)
 ParOldGen       total 86016K, used 13641K [0x0000000083a00000, 0x0000000088e00000, 0x00000000d6900000)
  object space 86016K, 15% used [0x0000000083a00000,0x00000000847525a8,0x0000000088e00000)
 Metaspace       used 20496K, capacity 21068K, committed 21296K, reserved 1069056K
  class space    used 2417K, capacity 2614K, committed 2688K, reserved 1048576K
}
Event: 29.155 GC heap before
{Heap before GC invocations=6 (full 1):
 PSYoungGen      total 136192K, used 5104K [0x00000000d6900000, 0x00000000e7e00000, 0x0000000100000000)
  eden space 131072K, 0% used [0x00000000d6900000,0x00000000d6900000,0x00000000de900000)
  from space 5120K, 99% used [0x00000000de900000,0x00000000dedfc010,0x00000000dee00000)
  to   space 10752K, 0% used [0x00000000e7380000,0x00000000e7380000,0x00000000e7e00000)
 ParOldGen       total 86016K, used 13641K [0x0000000083a00000, 0x0000000088e00000, 0x00000000d6900000)
  object space 86016K, 15% used [0x0000000083a00000,0x00000000847525a8,0x0000000088e00000)
 Metaspace       used 20496K, capacity 21068K, committed 21296K, reserved 1069056K
  class space    used 2417K, capacity 2614K, committed 2688K, reserved 1048576K
Event: 29.471 GC heap after
Heap after GC invocations=6 (full 1):
 PSYoungGen      total 136192K, used 0K [0x00000000d6900000, 0x00000000e7e00000, 0x0000000100000000)
  eden space 131072K, 0% used [0x00000000d6900000,0x00000000d6900000,0x00000000de900000)
  from space 5120K, 0% used [0x00000000de900000,0x00000000de900000,0x00000000dee00000)
  to   space 10752K, 0% used [0x00000000e7380000,0x00000000e7380000,0x00000000e7e00000)
 ParOldGen       total 59904K, used 13500K [0x0000000083a00000, 0x0000000087480000, 0x00000000d6900000)
  object space 59904K, 22% used [0x0000000083a00000,0x000000008472f270,0x0000000087480000)
 Metaspace       used 20496K, capacity 21068K, committed 21296K, reserved 1069056K
  class space    used 2417K, capacity 2614K, committed 2688K, reserved 1048576K
}
Event: 46.184 GC heap before
{Heap before GC invocations=7 (full 1):
 PSYoungGen      total 136192K, used 131072K [0x00000000d6900000, 0x00000000e7e00000, 0x0000000100000000)
  eden space 131072K, 100% used [0x00000000d6900000,0x00000000de900000,0x00000000de900000)
  from space 5120K, 0% used [0x00000000de900000,0x00000000de900000,0x00000000dee00000)
  to   space 10752K, 0% used [0x00000000e7380000,0x00000000e7380000,0x00000000e7e00000)
 ParOldGen       total 59904K, used 13500K [0x0000000083a00000, 0x0000000087480000, 0x00000000d6900000)
  object space 59904K, 22% used [0x0000000083a00000,0x000000008472f270,0x0000000087480000)
 Metaspace       used 34416K, capacity 35086K, committed 35200K, reserved 1081344K
  class space    used 3999K, capacity 4195K, committed 4224K, reserved 1048576K
Event: 47.001 GC heap after
Heap after GC invocations=7 (full 1):
 PSYoungGen      total 244736K, used 10728K [0x00000000d6900000, 0x00000000e7e00000, 0x0000000100000000)
  eden space 233984K, 0% used [0x00000000d6900000,0x00000000d6900000,0x00000000e4d80000)
  from space 10752K, 99% used [0x00000000e7380000,0x00000000e7dfa338,0x00000000e7e00000)
  to   space 21504K, 0% used [0x00000000e5400000,0x00000000e5400000,0x00000000e6900000)
 ParOldGen       total 59904K, used 30142K [0x0000000083a00000, 0x0000000087480000, 0x00000000d6900000)
  object space 59904K, 50% used [0x0000000083a00000,0x000000008576f830,0x0000000087480000)
 Metaspace       used 34416K, capacity 35086K, committed 35200K, reserved 1081344K
  class space    used 3999K, capacity 4195K, committed 4224K, reserved 1048576K
}
Event: 47.639 GC heap before
{Heap before GC invocations=8 (full 1):
 PSYoungGen      total 244736K, used 19596K [0x00000000d6900000, 0x00000000e7e00000, 0x0000000100000000)
  eden space 233984K, 3% used [0x00000000d6900000,0x00000000d71a8d58,0x00000000e4d80000)
  from space 10752K, 99% used [0x00000000e7380000,0x00000000e7dfa338,0x00000000e7e00000)
  to   space 21504K, 0% used [0x00000000e5400000,0x00000000e5400000,0x00000000e6900000)
 ParOldGen       total 59904K, used 30142K [0x0000000083a00000, 0x0000000087480000, 0x00000000d6900000)
  object space 59904K, 50% used [0x0000000083a00000,0x000000008576f830,0x0000000087480000)
 Metaspace       used 34764K, capacity 35406K, committed 35496K, reserved 1081344K
  class space    used 4047K, capacity 4259K, committed 4264K, reserved 1048576K

Deoptimization events (10 events):
Event: 39.091 Thread 0x00007f0bd400b000 Uncommon trap: reason=unstable_if action=reinterpret pc=0x00007f0bc5722058 method=sun.net.www.ParseUtil.encodePath(Ljava/lang/String;Z)Ljava/lang/String; @ 109
Event: 39.159 Thread 0x00007f0bd400b000 Uncommon trap: reason=unstable_if action=reinterpret pc=0x00007f0bc572e23c method=sun.misc.URLClassPath$JarLoader.getResource(Ljava/lang/String;Z)Lsun/misc/Resource; @ 62
Event: 39.225 Thread 0x00007f0bd400b000 Uncommon trap: reason=unstable_if action=reinterpret pc=0x00007f0bc550cafc method=java.util.HashMap.putVal(ILjava/lang/Object;Ljava/lang/Object;ZZ)Ljava/lang/Object; @ 85
Event: 39.433 Thread 0x00007f0bd400b000 Uncommon trap: reason=unstable_if action=reinterpret pc=0x00007f0bc5711aa8 method=java.util.HashMap.putVal(ILjava/lang/Object;Ljava/lang/Object;ZZ)Ljava/lang/Object; @ 162
Event: 39.437 Thread 0x00007f0bd400b000 Uncommon trap: reason=unstable_if action=reinterpret pc=0x00007f0bc59988a0 method=java.util.HashMap.putVal(ILjava/lang/Object;Ljava/lang/Object;ZZ)Ljava/lang/Object; @ 162
Event: 41.828 Thread 0x00007f0bd400b000 Uncommon trap: reason=predicate action=maybe_recompile pc=0x00007f0bc5a65fa0 method=java.util.StringTokenizer.skipDelimiters(I)I @ 17
Event: 41.831 Thread 0x00007f0bd400b000 Uncommon trap: reason=unstable_if action=reinterpret pc=0x00007f0bc5325488 method=java.util.StringTokenizer.scanToken(I)I @ 96
Event: 41.831 Thread 0x00007f0bd400b000 Uncommon trap: reason=predicate action=maybe_recompile pc=0x00007f0bc596f8a8 method=java.util.StringTokenizer.skipDelimiters(I)I @ 17
Event: 41.831 Thread 0x00007f0bd400b000 Uncommon trap: reason=unstable_if action=reinterpret pc=0x00007f0bc58ade50 method=java.util.StringTokenizer.scanToken(I)I @ 96
Event: 42.363 Thread 0x00007f0bd400b000 Uncommon trap: reason=unstable_if action=reinterpret pc=0x00007f0bc5b36398 method=org.codehaus.plexus.classworlds.realm.Entry.matches(Ljava/lang/String;)Z @ 131

Classes redefined (0 events):
No events

Internal exceptions (10 events):
Event: 22.149 Thread 0x00007f0bd431f000 Exception <a 'java/net/SocketTimeoutException': Read timed out> (0x00000000da488318) thrown at [/HUDSON/workspace/8-2-build-linux-amd64/jdk8u171/10807/hotspot/src/share/vm/prims/jni.cpp, line 735]
Event: 24.875 Thread 0x00007f0bd431f000 Exception <a 'java/net/SocketTimeoutException': Read timed out> (0x00000000d6b6ad88) thrown at [/HUDSON/workspace/8-2-build-linux-amd64/jdk8u171/10807/hotspot/src/share/vm/prims/jni.cpp, line 735]
Event: 25.075 Thread 0x00007f0bd431f000 Exception <a 'java/net/SocketTimeoutException': Read timed out> (0x00000000d6b6e1c8) thrown at [/HUDSON/workspace/8-2-build-linux-amd64/jdk8u171/10807/hotspot/src/share/vm/prims/jni.cpp, line 735]
Event: 25.401 Thread 0x00007f0bd400b000 Exception <a 'java/lang/NoClassDefFoundError': org/slf4j/Logger> (0x00000000d6e95fd8) thrown at [/HUDSON/workspace/8-2-build-linux-amd64/jdk8u171/10807/hotspot/src/share/vm/oops/constantPool.cpp, line 235]
Event: 27.424 Thread 0x00007f0bd400b000 Exception <a 'java/lang/NoClassDefFoundError': org/slf4j/Logger> (0x00000000d7b03a80) thrown at [/HUDSON/workspace/8-2-build-linux-amd64/jdk8u171/10807/hotspot/src/share/vm/oops/constantPool.cpp, line 235]
Event: 28.017 Thread 0x00007f0bd400b000 Exception <a 'java/lang/NoClassDefFoundError': org/slf4j/Logger> (0x00000000d8332d08) thrown at [/HUDSON/workspace/8-2-build-linux-amd64/jdk8u171/10807/hotspot/src/share/vm/oops/constantPool.cpp, line 235]
Event: 28.769 Thread 0x00007f0bd400b000 Exception <a 'java/lang/NoClassDefFoundError': org/slf4j/Logger> (0x00000000d96d52b8) thrown at [/HUDSON/workspace/8-2-build-linux-amd64/jdk8u171/10807/hotspot/src/share/vm/oops/constantPool.cpp, line 235]
Event: 31.646 Thread 0x00007f0bd400b000 Exception <a 'java/lang/ClassNotFoundException': com/sun/tools/javac/api/JavacTool> (0x00000000d6cef658) thrown at [/HUDSON/workspace/8-2-build-linux-amd64/jdk8u171/10807/hotspot/src/share/vm/classfile/systemDictionary.cpp, line 210]
Event: 35.616 Thread 0x00007f0bd400b000 Exception <a 'java/io/FileNotFoundException'> (0x00000000d9ac5d00) thrown at [/HUDSON/workspace/8-2-build-linux-amd64/jdk8u171/10807/hotspot/src/share/vm/prims/jni.cpp, line 709]
Event: 35.699 Thread 0x00007f0bd400b000 Exception <a 'java/io/FileNotFoundException'> (0x00000000d9afae70) thrown at [/HUDSON/workspace/8-2-build-linux-amd64/jdk8u171/10807/hotspot/src/share/vm/prims/jni.cpp, line 709]

Events (10 events):
Event: 47.539 loading class org/eclipse/persistence/descriptors/partitioning/PinnedPartitioningPolicy done
Event: 47.555 loading class org/eclipse/persistence/descriptors/SerializedObjectPolicy
Event: 47.556 loading class org/eclipse/persistence/descriptors/SerializedObjectPolicy done
Event: 47.574 loading class org/eclipse/persistence/platform/database/oracle/jdbc/OracleArrayType
Event: 47.574 loading class org/eclipse/persistence/platform/database/oracle/jdbc/OracleArrayType done
Event: 47.584 loading class org/eclipse/persistence/mappings/structures/ObjectRelationalDataTypeDescriptor
Event: 47.584 loading class org/eclipse/persistence/mappings/structures/ObjectRelationalDataTypeDescriptor done
Event: 47.588 loading class org/eclipse/persistence/descriptors/RelationalDescriptor
Event: 47.588 loading class org/eclipse/persistence/descriptors/RelationalDescriptor done
Event: 47.636 Executing VM operation: CollectForMetadataAllocation


Dynamic libraries:
00400000-00401000 r-xp 00000000 08:01 1590925                            /usr/lib/jvm/java-8-oracle/bin/java
00600000-00601000 rw-p 00000000 08:01 1590925                            /usr/lib/jvm/java-8-oracle/bin/java
02098000-020b9000 rw-p 00000000 00:00 0                                  [heap]
83a00000-87480000 rw-p 00000000 00:00 0 
87480000-d6900000 ---p 00000000 00:00 0 
d6900000-e7e00000 rw-p 00000000 00:00 0 
f3b00000-100000000 ---p 00000000 00:00 0 
100000000-10042a000 rw-p 00000000 00:00 0 
10042a000-140000000 ---p 00000000 00:00 0 
7f0b7c000000-7f0b7c319000 rw-p 00000000 00:00 0 
7f0b7c319000-7f0b80000000 ---p 00000000 00:00 0 
7f0b80000000-7f0b80021000 rw-p 00000000 00:00 0 
7f0b80021000-7f0b84000000 ---p 00000000 00:00 0 
7f0b84fff000-7f0b88000000 rw-p 00000000 00:00 0 
7f0b88000000-7f0b88021000 rw-p 00000000 00:00 0 
7f0b88021000-7f0b8c000000 ---p 00000000 00:00 0 
7f0b8c000000-7f0b8c021000 rw-p 00000000 00:00 0 
7f0b8c021000-7f0b90000000 ---p 00000000 00:00 0 
7f0b90000000-7f0b9146d000 rw-p 00000000 00:00 0 
7f0b9146d000-7f0b94000000 ---p 00000000 00:00 0 
7f0b94000000-7f0b94921000 rw-p 00000000 00:00 0 
7f0b94921000-7f0b98000000 ---p 00000000 00:00 0 
7f0b98000000-7f0b98021000 rw-p 00000000 00:00 0 
7f0b98021000-7f0b9c000000 ---p 00000000 00:00 0 
7f0b9c000000-7f0b9d655000 rw-p 00000000 00:00 0 
7f0b9d655000-7f0ba0000000 ---p 00000000 00:00 0 
7f0ba0000000-7f0ba0021000 rw-p 00000000 00:00 0 
7f0ba0021000-7f0ba4000000 ---p 00000000 00:00 0 
7f0ba4000000-7f0ba4021000 rw-p 00000000 00:00 0 
7f0ba4021000-7f0ba8000000 ---p 00000000 00:00 0 
7f0ba8000000-7f0ba8290000 rw-p 00000000 00:00 0 
7f0ba8290000-7f0bac000000 ---p 00000000 00:00 0 
7f0bac25d000-7f0bac2dd000 rw-p 00000000 00:00 0 
7f0bac2dd000-7f0bac45d000 ---p 00000000 00:00 0 
7f0bac45d000-7f0bac65d000 rw-p 00000000 00:00 0 
7f0bac65d000-7f0bac85d000 rw-p 00000000 00:00 0 
7f0bac85d000-7f0bac871000 r--s 0013a000 08:01 1180996                    /home/ariel/.m2/repository/org/primefaces/themes/all-themes/1.0.10/all-themes-1.0.10.jar
7f0bac874000-7f0bac876000 r--s 00009000 08:01 668676                     /home/ariel/.m2/repository/org/apache/commons/commons-csv/1.5/commons-csv-1.5.jar
7f0bac87b000-7f0bac880000 r--s 00048000 08:01 791831                     /home/ariel/.m2/repository/dom4j/dom4j/1.6.1/dom4j-1.6.1.jar
7f0bac880000-7f0bac882000 r--s 00005000 08:01 794806                     /home/ariel/.m2/repository/stax/stax-api/1.0.1/stax-api-1.0.1.jar
7f0bac882000-7f0bac8bf000 r--s 0024f000 08:01 794807                     /home/ariel/.m2/repository/org/apache/xmlbeans/xmlbeans/2.3.0/xmlbeans-2.3.0.jar
7f0bac8c4000-7f0bac958000 r--s 00401000 08:01 794808                     /home/ariel/.m2/repository/org/apache/poi/poi-ooxml-schemas/3.9/poi-ooxml-schemas-3.9.jar
7f0bac95c000-7f0bac968000 r--s 000d9000 08:01 667256                     /home/ariel/.m2/repository/org/apache/poi/poi-ooxml/3.9/poi-ooxml-3.9.jar
7f0bac96b000-7f0bac97b000 r--s 000a8000 08:01 667233                     /home/ariel/.m2/repository/org/apache/commons/commons-collections4/4.1/commons-collections4-4.1.jar
7f0bac982000-7f0bac989000 r--s 0003f000 08:01 920783                     /home/ariel/.m2/repository/commons-codec/commons-codec/1.10/commons-codec-1.10.jar
7f0bac98b000-7f0bac9b7000 r--s 00268000 08:01 667234                     /home/ariel/.m2/repository/org/apache/poi/poi/3.17/poi-3.17.jar
7f0bac9bd000-7f0bac9d5000 r--s 001da000 08:01 1055917                    /home/ariel/.m2/repository/mysql/mysql-connector-java/8.0.11/mysql-connector-java-8.0.11.jar
7f0bac9d6000-7f0bac9d8000 r--s 0000b000 08:01 1057622                    /home/ariel/.m2/repository/javax/servlet/jsp/javax.servlet.jsp-api/2.3.1/javax.servlet.jsp-api-2.3.1.jar
7f0bac9d8000-7f0bac9db000 r--s 00015000 08:01 1057621                    /home/ariel/.m2/repository/javax/servlet/javax.servlet-api/4.0.1/javax.servlet-api-4.0.1.jar
7f0bac9df000-7f0bac9e9000 r--s 0005c000 08:01 1051472                    /home/ariel/.m2/repository/javax/servlet/jstl/1.2/jstl-1.2.jar
7f0bac9f0000-7f0baca0d000 r--s 00245000 08:01 1057620                    /home/ariel/.m2/repository/com/sun/faces/jsf-impl/2.2.17/jsf-impl-2.2.17.jar
7f0baca0d000-7f0baca1a000 r--s 000a2000 08:01 1050212                    /home/ariel/.m2/repository/com/sun/faces/jsf-api/2.2.17/jsf-api-2.2.17.jar
7f0baca1f000-7f0baca21000 r--s 00004000 08:01 1051892                    /home/ariel/.m2/repository/org/eclipse/persistence/commonj.sdo/2.1.1/commonj.sdo-2.1.1.jar
7f0baca25000-7f0baca2b000 r--s 00022000 08:01 1051890                    /home/ariel/.m2/repository/org/eclipse/persistence/javax.persistence/2.1.0/javax.persistence-2.1.0.jar
7f0baca2b000-7f0bacaa7000 r--s 007c0000 08:01 1051889                    /home/ariel/.m2/repository/org/eclipse/persistence/eclipselink/2.5.2/eclipselink-2.5.2.jar
7f0bacaab000-7f0bacacd000 r--s 00120000 08:01 923660                     /home/ariel/.m2/repository/javax/javaee-web-api/7.0/javaee-web-api-7.0.jar
7f0bacacf000-7f0bacafe000 r--s 003e4000 08:01 1054608                    /home/ariel/.m2/repository/org/primefaces/primefaces/6.2/primefaces-6.2.jar
7f0bacb04000-7f0bacb21000 r--s 00131000 08:01 1051980                    /home/ariel/.m2/repository/org/eclipse/persistence/org.eclipse.persistence.jpa.jpql/2.5.2/org.eclipse.persistence.jpa.jpql-2.5.2.jar
7f0bacb25000-7f0bacb2a000 r--s 0002a000 08:01 1051975                    /home/ariel/.m2/repository/org/eclipse/persistence/org.eclipse.persistence.antlr/2.5.2/org.eclipse.persistence.antlr-2.5.2.jar
7f0bacb2b000-7f0bacd2b000 rw-p 00000000 00:00 0 
7f0bacd2b000-7f0bacd41000 r--s 00138000 08:01 1051971                    /home/ariel/.m2/repository/org/eclipse/persistence/org.eclipse.persistence.jpa/2.5.2/org.eclipse.persistence.jpa-2.5.2.jar
7f0bacd47000-7f0bacd4e000 r--s 0003c000 08:01 1051973                    /home/ariel/.m2/repository/org/eclipse/persistence/org.eclipse.persistence.asm/2.5.2/org.eclipse.persistence.asm-2.5.2.jar
7f0bacd50000-7f0bacd8e000 r--s 00495000 08:01 1051974                    /home/ariel/.m2/repository/org/eclipse/persistence/org.eclipse.persistence.core/2.5.2/org.eclipse.persistence.core-2.5.2.jar
7f0bacd8f000-7f0bacf8f000 rw-p 00000000 00:00 0 
7f0bacf8f000-7f0bacf90000 r--s 0000c000 08:01 1051972                    /home/ariel/.m2/repository/org/eclipse/persistence/org.eclipse.persistence.jpa.modelgen.processor/2.5.2/org.eclipse.persistence.jpa.modelgen.processor-2.5.2.jar
7f0bacf94000-7f0bad194000 rw-p 00000000 00:00 0 
7f0bad194000-7f0bad20d000 r--s 010f9000 08:01 1716950                    /usr/lib/jvm/java-8-oracle/lib/tools.jar
7f0bad20e000-7f0bad211000 r--s 0001b000 08:01 1049839                    /home/ariel/.m2/repository/junit/junit/3.8.2/junit-3.8.2.jar
7f0bad212000-7f0bad220000 r--s 0008f000 08:01 1049837                    /home/ariel/.m2/repository/com/google/collections/google-collections/1.0/google-collections-1.0.jar
7f0bad225000-7f0bad226000 r--s 0000a000 08:01 1049836                    /home/ariel/.m2/repository/commons-logging/commons-logging-api/1.1/commons-logging-api-1.1.jar
7f0bad22c000-7f0bad233000 r--s 00051000 08:01 1049833                    /home/ariel/.m2/repository/log4j/log4j/1.2.12/log4j-1.2.12.jar
7f0bad238000-7f0bad23c000 r--s 0001d000 08:01 664775                     /home/ariel/.m2/repository/org/apache/xbean/xbean-reflect/3.4/xbean-reflect-3.4.jar
7f0bad23f000-7f0bad240000 r--s 00004000 08:01 1049832                    /home/ariel/.m2/repository/org/codehaus/plexus/plexus-compiler-javac/2.2/plexus-compiler-javac-2.2.jar
7f0bad243000-7f0bad245000 r--s 00000000 08:01 1049827                    /home/ariel/.m2/repository/org/codehaus/plexus/plexus-compiler-manager/2.2/plexus-compiler-manager-2.2.jar
7f0bad248000-7f0bad24a000 r--s 00005000 08:01 1049825                    /home/ariel/.m2/repository/org/codehaus/plexus/plexus-compiler-api/2.2/plexus-compiler-api-2.2.jar
7f0bad24d000-7f0bad24f000 r--s 00002000 08:01 1049824                    /home/ariel/.m2/repository/org/apache/maven/shared/maven-shared-incremental/1.1/maven-shared-incremental-1.1.jar
7f0bad251000-7f0bad253000 r--s 00006000 08:01 923584                     /home/ariel/.m2/repository/com/google/code/findbugs/jsr305/2.0.1/jsr305-2.0.1.jar
7f0bad256000-7f0bad259000 r--s 00023000 08:01 1049826                    /home/ariel/.m2/repository/org/apache/maven/shared/maven-shared-utils/0.1/maven-shared-utils-0.1.jar
7f0bad25b000-7f0bad25f000 r--s 00030000 08:01 1049828                    /home/ariel/.m2/repository/org/codehaus/plexus/plexus-utils/1.5.1/plexus-utils-1.5.1.jar
7f0bad264000-7f0bad266000 r--s 00009000 08:01 923664                     /home/ariel/.m2/repository/org/apache/maven/plugins/maven-compiler-plugin/3.1/maven-compiler-plugin-3.1.jar
7f0bad268000-7f0bad468000 rw-p 00000000 00:00 0 
7f0bad468000-7f0bad46a000 r--s 0000d000 08:01 1049692                    /home/ariel/.m2/repository/org/codehaus/plexus/plexus-interpolation/1.13/plexus-interpolation-1.13.jar
7f0bad46c000-7f0bad46d000 r--s 00001000 08:01 923787                     /home/ariel/.m2/repository/org/sonatype/plexus/plexus-build-api/0.0.4/plexus-build-api-0.0.4.jar
7f0bad474000-7f0bad476000 r--s 00009000 08:01 1049688                    /home/ariel/.m2/repository/org/apache/maven/shared/maven-filtering/1.0/maven-filtering-1.0.jar
7f0bad47c000-7f0bad47d000 r--s 00001000 08:01 1049686                    /home/ariel/.m2/repository/org/apache/maven/doxia/doxia-sink-api/1.0-alpha-7/doxia-sink-api-1.0-alpha-7.jar
7f0bad47d000-7f0bad47e000 r--s 00002000 08:01 1049685                    /home/ariel/.m2/repository/org/apache/maven/reporting/maven-reporting-api/2.0.6/maven-reporting-api-2.0.6.jar
7f0bad480000-7f0bad482000 r--s 00005000 08:01 923652                     /home/ariel/.m2/repository/org/apache/maven/plugins/maven-resources-plugin/2.5/maven-resources-plugin-2.5.jar
7f0bad482000-7f0bad490000 r--s 0007f000 08:01 923591                     /home/ariel/.m2/repository/commons-collections/commons-collections/3.2.1/commons-collections-3.2.1.jar
7f0bad494000-7f0bad499000 r--s 00041000 08:01 1049623                    /home/ariel/.m2/repository/commons-lang/commons-lang/2.6/commons-lang-2.6.jar
7f0bad499000-7f0bad49b000 r--s 00006000 08:01 1049621                    /home/ariel/.m2/repository/org/apache/maven/shared/maven-invoker/2.0.11/maven-invoker-2.0.11.jar
7f0bad4a1000-7f0bad4a3000 r--s 00006000 08:01 1049619                    /home/ariel/.m2/repository/org/apache/maven/shared/maven-common-artifact-filters/1.4/maven-common-artifact-filters-1.4.jar
7f0bad4a7000-7f0bad4a9000 r--s 0000c000 08:01 1049617                    /home/ariel/.m2/repository/org/apache/maven/shared/maven-dependency-tree/2.0/maven-dependency-tree-2.0.jar
7f0bad4ab000-7f0bad4ad000 r--s 00000000 08:01 1049615                    /home/ariel/.m2/repository/org/codehaus/plexus/plexus-component-annotations/1.5.5/plexus-component-annotations-1.5.5.jar
7f0bad4ad000-7f0bad4ae000 r--s 0000a000 08:01 923778                     /home/ariel/.m2/repository/asm/asm/3.3.1/asm-3.3.1.jar
7f0bad4b0000-7f0bad4b2000 r--s 00005000 08:01 1049613                    /home/ariel/.m2/repository/org/apache/maven/shared/maven-dependency-analyzer/1.3/maven-dependency-analyzer-1.3.jar
7f0bad4b7000-7f0bad4ba000 r--s 0000c000 08:01 1049611                    /home/ariel/.m2/repository/org/codehaus/plexus/plexus-io/2.0.6/plexus-io-2.0.6.jar
7f0bad4be000-7f0bad4c1000 r--s 0001b000 08:01 1049609                    /home/ariel/.m2/repository/junit/junit/3.8.1/junit-3.8.1.jar
7f0bad4c3000-7f0bad4c5000 r--s 00008000 08:01 1049607                    /home/ariel/.m2/repository/org/apache/maven/shared/maven-shared-io/1.1/maven-shared-io-1.1.jar
7f0bad4cb000-7f0bad4cd000 r--s 00008000 08:01 1049605                    /home/ariel/.m2/repository/org/apache/maven/shared/file-management/1.2.1/file-management-1.2.1.jar
7f0bad4d0000-7f0bad4d4000 r--s 00035000 08:01 1049603                    /home/ariel/.m2/repository/org/codehaus/plexus/plexus-utils/3.0.9/plexus-utils-3.0.9.jar
7f0bad4d4000-7f0bad4d9000 r--s 00029000 08:01 1049601                    /home/ariel/.m2/repository/org/codehaus/plexus/plexus-archiver/2.2/plexus-archiver-2.2.jar
7f0bad4df000-7f0bad4e1000 r--s 00004000 08:01 1049599                    /home/ariel/.m2/repository/org/apache/maven/doxia/doxia-module-xhtml/1.0/doxia-module-xhtml-1.0.jar
7f0bad4e1000-7f0bad4e2000 r--s 00006000 08:01 1049597                    /home/ariel/.m2/repository/org/apache/maven/doxia/doxia-module-xdoc/1.0/doxia-module-xdoc-1.0.jar
7f0bad4e7000-7f0bad4e8000 r--s 00004000 08:01 1049595                    /home/ariel/.m2/repository/org/apache/maven/doxia/doxia-module-fml/1.0/doxia-module-fml-1.0.jar
7f0bad4ed000-7f0bad4ef000 r--s 0000a000 08:01 1049593                    /home/ariel/.m2/repository/org/apache/maven/doxia/doxia-module-apt/1.0/doxia-module-apt-1.0.jar
7f0bad4f6000-7f0bad4f7000 r--s 0000b000 08:01 1049591                    /home/ariel/.m2/repository/org/apache/maven/doxia/doxia-decoration-model/1.0/doxia-decoration-model-1.0.jar
7f0bad4fb000-7f0bad503000 r--s 00058000 08:01 664769                     /home/ariel/.m2/repository/org/apache/velocity/velocity/1.5/velocity-1.5.jar
7f0bad504000-7f0bad505000 r--s 00001000 08:01 923776                     /home/ariel/.m2/repository/org/codehaus/plexus/plexus-velocity/1.1.7/plexus-velocity-1.1.7.jar
7f0bad505000-7f0bad506000 r--s 00002000 08:01 1049589                    /home/ariel/.m2/repository/org/codehaus/plexus/plexus-i18n/1.0-beta-7/plexus-i18n-1.0-beta-7.jar
7f0bad50d000-7f0bad50f000 r--s 0000a000 08:01 1049587                    /home/ariel/.m2/repository/org/apache/maven/doxia/doxia-site-renderer/1.0/doxia-site-renderer-1.0.jar
7f0bad515000-7f0bad516000 r--s 00002000 08:01 1049585                    /home/ariel/.m2/repository/org/apache/maven/doxia/doxia-sink-api/1.0/doxia-sink-api-1.0.jar
7f0bad519000-7f0bad51e000 r--s 00016000 08:01 923537                     /home/ariel/.m2/repository/xml-apis/xml-apis/1.0.b2/xml-apis-1.0.b2.jar
7f0bad521000-7f0bad523000 r--s 0000e000 08:01 1049583                    /home/ariel/.m2/repository/oro/oro/2.0.8/oro-2.0.8.jar
7f0bad523000-7f0bad525000 r--s 00008000 08:01 1049581                    /home/ariel/.m2/repository/commons-logging/commons-logging/1.0.4/commons-logging-1.0.4.jar
7f0bad529000-7f0bad52d000 r--s 00026000 08:01 1049579                    /home/ariel/.m2/repository/commons-digester/commons-digester/1.6/commons-digester-1.6.jar
7f0bad52d000-7f0bad532000 r--s 0002a000 08:01 1049577                    /home/ariel/.m2/repository/commons-beanutils/commons-beanutils/1.7.0/commons-beanutils-1.7.0.jar
7f0bad537000-7f0bad53a000 r--s 00014000 08:01 1049575                    /home/ariel/.m2/repository/commons-validator/commons-validator/1.2.0/commons-validator-1.2.0.jar
7f0bad53b000-7f0bad53e000 r--s 00018000 08:01 1049573                    /home/ariel/.m2/repository/commons-io/commons-io/1.4/commons-io-1.4.jar
7f0bad544000-7f0bad546000 r--s 00009000 08:01 1049571                    /home/ariel/.m2/repository/org/apache/maven/shared/maven-doxia-tools/1.0.2/maven-doxia-tools-1.0.2.jar
7f0bad546000-7f0bad549000 r--s 0000b000 08:01 1049625                    /home/ariel/.m2/repository/org/apache/maven/doxia/doxia-core/1.0/doxia-core-1.0.jar
7f0bad54f000-7f0bad551000 r--s 00004000 08:01 1049627                    /home/ariel/.m2/repository/org/apache/maven/reporting/maven-reporting-impl/2.0.5/maven-reporting-impl-2.0.5.jar
7f0bad553000-7f0bad753000 rw-p 00000000 00:00 0 
7f0bad753000-7f0bad769000 r-xp 00000000 08:01 1185780                    /lib/x86_64-linux-gnu/libresolv-2.26.so
7f0bad769000-7f0bad969000 ---p 00016000 08:01 1185780                    /lib/x86_64-linux-gnu/libresolv-2.26.so
7f0bad969000-7f0bad96a000 r--p 00016000 08:01 1185780                    /lib/x86_64-linux-gnu/libresolv-2.26.so
7f0bad96a000-7f0bad96b000 rw-p 00017000 08:01 1185780                    /lib/x86_64-linux-gnu/libresolv-2.26.so
7f0bad96b000-7f0bad96d000 rw-p 00000000 00:00 0 
7f0bad973000-7f0bad978000 r-xp 00000000 08:01 1185773                    /lib/x86_64-linux-gnu/libnss_dns-2.26.so
7f0bad978000-7f0badb78000 ---p 00005000 08:01 1185773                    /lib/x86_64-linux-gnu/libnss_dns-2.26.so
7f0badb78000-7f0badb79000 r--p 00005000 08:01 1185773                    /lib/x86_64-linux-gnu/libnss_dns-2.26.so
7f0badb79000-7f0badb7a000 rw-p 00006000 08:01 1185773                    /lib/x86_64-linux-gnu/libnss_dns-2.26.so
7f0badb7b000-7f0badb7d000 r-xp 00000000 08:01 1185471                    /lib/x86_64-linux-gnu/libnss_mdns4_minimal.so.2
7f0badb7d000-7f0badd7c000 ---p 00002000 08:01 1185471                    /lib/x86_64-linux-gnu/libnss_mdns4_minimal.so.2
7f0badd7c000-7f0badd7d000 r--p 00001000 08:01 1185471                    /lib/x86_64-linux-gnu/libnss_mdns4_minimal.so.2
7f0badd7d000-7f0badd7e000 rw-p 00002000 08:01 1185471                    /lib/x86_64-linux-gnu/libnss_mdns4_minimal.so.2
7f0badd82000-7f0badd85000 ---p 00000000 00:00 0 
7f0badd85000-7f0bae083000 rw-p 00000000 00:00 0 
7f0bae083000-7f0bae099000 r-xp 00000000 08:01 1179736                    /lib/x86_64-linux-gnu/libgcc_s.so.1
7f0bae099000-7f0bae298000 ---p 00016000 08:01 1179736                    /lib/x86_64-linux-gnu/libgcc_s.so.1
7f0bae298000-7f0bae299000 r--p 00015000 08:01 1179736                    /lib/x86_64-linux-gnu/libgcc_s.so.1
7f0bae299000-7f0bae29a000 rw-p 00016000 08:01 1179736                    /lib/x86_64-linux-gnu/libgcc_s.so.1
7f0bae29b000-7f0bae2cd000 r-xp 00000000 08:01 1724804                    /usr/lib/jvm/java-8-oracle/jre/lib/amd64/libsunec.so
7f0bae2cd000-7f0bae4cc000 ---p 00032000 08:01 1724804                    /usr/lib/jvm/java-8-oracle/jre/lib/amd64/libsunec.so
7f0bae4cc000-7f0bae4d2000 rw-p 00031000 08:01 1724804                    /usr/lib/jvm/java-8-oracle/jre/lib/amd64/libsunec.so
7f0bae4d2000-7f0bae4e2000 rw-p 00000000 00:00 0 
7f0bae4e3000-7f0bae6e3000 rw-p 00000000 00:00 0 
7f0bae6e3000-7f0bae6f4000 r-xp 00000000 08:01 1724852                    /usr/lib/jvm/java-8-oracle/jre/lib/amd64/libnio.so
7f0bae6f4000-7f0bae8f3000 ---p 00011000 08:01 1724852                    /usr/lib/jvm/java-8-oracle/jre/lib/amd64/libnio.so
7f0bae8f3000-7f0bae8f4000 rw-p 00010000 08:01 1724852                    /usr/lib/jvm/java-8-oracle/jre/lib/amd64/libnio.so
7f0bae8fb000-7f0bae911000 r-xp 00000000 08:01 1724849                    /usr/lib/jvm/java-8-oracle/jre/lib/amd64/libnet.so
7f0bae911000-7f0baeb11000 ---p 00016000 08:01 1724849                    /usr/lib/jvm/java-8-oracle/jre/lib/amd64/libnet.so
7f0baeb11000-7f0baeb12000 rw-p 00016000 08:01 1724849                    /usr/lib/jvm/java-8-oracle/jre/lib/amd64/libnet.so
7f0baeb15000-7f0baed15000 rw-p 00000000 00:00 0 
7f0baed15000-7f0baef15000 rw-p 00000000 00:00 0 
7f0baef15000-7f0baef16000 ---p 00000000 00:00 0 
7f0baef16000-7f0baf016000 rw-p 00000000 00:00 0 
7f0baf016000-7f0baf019000 ---p 00000000 00:00 0 
7f0baf019000-7f0baf117000 rw-p 00000000 00:00 0 
7f0baf117000-7f0baf11a000 ---p 00000000 00:00 0 
7f0baf11a000-7f0baf218000 rw-p 00000000 00:00 0 
7f0baf218000-7f0baf21b000 ---p 00000000 00:00 0 
7f0baf21b000-7f0baf319000 rw-p 00000000 00:00 0 
7f0baf319000-7f0baf31c000 ---p 00000000 00:00 0 
7f0baf31c000-7f0baf41a000 rw-p 00000000 00:00 0 
7f0baf41a000-7f0baf41d000 ---p 00000000 00:00 0 
7f0baf41d000-7f0baf51b000 rw-p 00000000 00:00 0 
7f0baf51b000-7f0baf7f7000 r--p 00000000 08:01 1446714                    /usr/lib/locale/locale-archive
7f0baf7f8000-7f0baf7fb000 ---p 00000000 00:00 0 
7f0baf7fb000-7f0baf8f9000 rw-p 00000000 00:00 0 
7f0baf8f9000-7f0baf8fc000 ---p 00000000 00:00 0 
7f0baf8fc000-7f0baf9fa000 rw-p 00000000 00:00 0 
7f0baf9fa000-7f0baf9fb000 ---p 00000000 00:00 0 
7f0baf9fb000-7f0bb0000000 rw-p 00000000 00:00 0 
7f0bb0000000-7f0bb0021000 rw-p 00000000 00:00 0 
7f0bb0021000-7f0bb4000000 ---p 00000000 00:00 0 
7f0bb4000000-7f0bb4021000 rw-p 00000000 00:00 0 
7f0bb4021000-7f0bb8000000 ---p 00000000 00:00 0 
7f0bb8000000-7f0bb8021000 rw-p 00000000 00:00 0 
7f0bb8021000-7f0bbc000000 ---p 00000000 00:00 0 
7f0bbc005000-7f0bbc006000 r--s 00002000 08:01 1049626                    /home/ariel/.m2/repository/org/apache/maven/reporting/maven-reporting-api/3.0/maven-reporting-api-3.0.jar
7f0bbc00d000-7f0bbc00f000 r--s 00002000 08:01 923780                     /home/ariel/.m2/repository/org/codehaus/plexus/plexus-interactivity-api/1.0-alpha-4/plexus-interactivity-api-1.0-alpha-4.jar
7f0bbc011000-7f0bbc013000 r--s 00006000 08:01 1049569                    /home/ariel/.m2/repository/commons-cli/commons-cli/1.0/commons-cli-1.0.jar
7f0bbc014000-7f0bbc017000 r--s 00021000 08:01 1048586                    /home/ariel/.m2/repository/org/apache/maven/plugins/maven-dependency-plugin/2.6/maven-dependency-plugin-2.6.jar
7f0bbc01e000-7f0bbc022000 r--s 00033000 08:01 1049687                    /home/ariel/.m2/repository/org/codehaus/plexus/plexus-utils/2.0.5/plexus-utils-2.0.5.jar
7f0bbc028000-7f0bbc029000 r--s 00005000 08:01 664663                     /home/ariel/.m2/repository/org/apache/maven/plugins/maven-clean-plugin/2.4.1/maven-clean-plugin-2.4.1.jar
7f0bbc02a000-7f0bbc02f000 r--s 0003f000 08:01 546932                     /usr/lib/jvm/java-8-oracle/jre/lib/ext/sunjce_provider.jar
7f0bbc030000-7f0bbc043000 r--s 00345000 08:01 1724791                    /usr/lib/jvm/java-8-oracle/jre/lib/resources.jar
7f0bbc044000-7f0bbc046000 r--s 00009000 08:01 546922                     /usr/lib/jvm/java-8-oracle/jre/lib/ext/sunec.jar
7f0bbc04d000-7f0bbc051000 r--s 0003a000 08:01 546929                     /usr/lib/jvm/java-8-oracle/jre/lib/ext/sunpkcs11.jar
7f0bbc055000-7f0bbc058000 r--s 0001a000 08:01 1724865                    /usr/lib/jvm/java-8-oracle/jre/lib/jce.jar
7f0bbc05f000-7f0bbc062000 ---p 00000000 00:00 0 
7f0bbc062000-7f0bbc098000 rw-p 00000000 00:00 0 
7f0bbc098000-7f0bbc09d000 r--s 0009d000 08:01 1724792                    /usr/lib/jvm/java-8-oracle/jre/lib/jsse.jar
7f0bbc0a0000-7f0bbc0a2000 r--s 0000d000 08:01 1848917                    /home/ariel/netbeans-8.2/java/maven-nblib/netbeans-eventspy.jar
7f0bbc0a8000-7f0bbc0aa000 r--s 0000d000 08:01 1848849                    /home/ariel/netbeans-8.2/java/maven/lib/plexus-interpolation-1.14.jar
7f0bbc0b1000-7f0bbc0b2000 r--s 00006000 08:01 1848848                    /home/ariel/netbeans-8.2/java/maven/lib/plexus-sec-dispatcher-1.3.jar
7f0bbc0b6000-7f0bbc0b7000 r--s 00003000 08:01 1848929                    /home/ariel/netbeans-8.2/java/maven/lib/aether-spi-1.13.1.jar
7f0bbc0bc000-7f0bbc0c0000 r--s 00021000 08:01 1848847                    /home/ariel/netbeans-8.2/java/maven/lib/maven-model-builder-3.0.5.jar
7f0bbc0c0000-7f0bbc0cc000 r--s 0007d000 08:01 1848934                    /home/ariel/netbeans-8.2/java/maven/lib/maven-core-3.0.5.jar
7f0bbc0cf000-7f0bc0000000 rw-p 00000000 00:00 0 
7f0bc0000000-7f0bc0021000 rw-p 00000000 00:00 0 
7f0bc0021000-7f0bc4000000 ---p 00000000 00:00 0 
7f0bc4006000-7f0bc400a000 r--s 00013000 08:01 1848928                    /home/ariel/netbeans-8.2/java/maven/lib/aether-api-1.13.1.jar
7f0bc400d000-7f0bc400f000 r--s 00002000 08:01 1848927                    /home/ariel/netbeans-8.2/java/maven/lib/plexus-cipher-1.7.jar
7f0bc4016000-7f0bc4018000 r--s 0000b000 08:01 1848880                    /home/ariel/netbeans-8.2/java/maven/lib/wagon-provider-api-2.10.jar
7f0bc401b000-7f0bc4023000 r--s 00050000 08:01 1848879                    /home/ariel/netbeans-8.2/java/maven/lib/sisu-guice-3.1.0-no_aop.jar
7f0bc4023000-7f0bc4052000 r--s 001c8000 08:01 1848892                    /home/ariel/netbeans-8.2/java/maven/lib/wagon-http-2.10-shaded.jar
7f0bc4053000-7f0bc4056000 r--s 00008000 08:01 1848794                    /home/ariel/netbeans-8.2/java/maven/lib/maven-settings-builder-3.0.5.jar
7f0bc405d000-7f0bc405f000 r--s 0000a000 08:01 1848909                    /home/ariel/netbeans-8.2/java/maven/lib/maven-settings-3.0.5.jar
7f0bc4065000-7f0bc4066000 r--s 00002000 08:01 1848937                    /home/ariel/netbeans-8.2/java/maven/lib/wagon-file-2.10.jar
7f0bc4067000-7f0bc4069000 r--s 0000c000 08:01 1848812                    /home/ariel/netbeans-8.2/java/maven/lib/maven-aether-provider-3.0.5.jar
7f0bc4069000-7f0bc406b000 r--s 00026000 08:01 1848926                    /home/ariel/netbeans-8.2/java/maven/lib/maven-model-3.0.5.jar
7f0bc406e000-7f0bc4075000 r--s 0002b000 08:01 1848868                    /home/ariel/netbeans-8.2/java/maven/lib/sisu-inject-plexus-2.3.0.jar
7f0bc4075000-7f0bc4076000 r--s 00002000 08:01 1848895                    /home/ariel/netbeans-8.2/java/maven/lib/wagon-http-shared-2.10.jar
7f0bc407c000-7f0bc407e000 r--s 00009000 08:01 1848938                    /home/ariel/netbeans-8.2/java/maven/lib/commons-cli-1.2.jar
7f0bc4081000-7f0bc4083000 r--s 00006000 08:01 1848699                    /home/ariel/netbeans-8.2/java/maven/lib/maven-repository-metadata-3.0.5.jar
7f0bc4086000-7f0bc4088000 r--s 0000b000 08:01 1848893                    /home/ariel/netbeans-8.2/java/maven/lib/maven-plugin-api-3.0.5.jar
7f0bc4088000-7f0bc408b000 r--s 0001d000 08:01 1848921                    /home/ariel/netbeans-8.2/java/maven/lib/aether-impl-1.13.1.jar
7f0bc408e000-7f0bc4090000 r--s 0000b000 08:01 1848907                    /home/ariel/netbeans-8.2/java/maven/lib/maven-artifact-3.0.5.jar
7f0bc4093000-7f0bc4095000 r--s 00000000 08:01 1848578                    /home/ariel/netbeans-8.2/java/maven/lib/plexus-component-annotations-1.5.5.jar
7f0bc4097000-7f0bc40b6000 r--s 00154000 08:01 1848935                    /home/ariel/netbeans-8.2/java/maven/lib/sisu-guava-0.9.9.jar
7f0bc40b7000-7f0bc5000000 rw-p 00000000 00:00 0 
7f0bc5000000-7f0bc5e00000 rwxp 00000000 00:00 0 
7f0bc5e00000-7f0bd4000000 ---p 00000000 00:00 0 
7f0bd4000000-7f0bd501d000 rw-p 00000000 00:00 0 
7f0bd501d000-7f0bd8000000 ---p 00000000 00:00 0 
7f0bd8002000-7f0bd8009000 r--s 0003f000 08:01 1848894                    /home/ariel/netbeans-8.2/java/maven/lib/sisu-inject-bean-2.3.0.jar
7f0bd800f000-7f0bd8013000 r--s 0001c000 08:01 1848922                    /home/ariel/netbeans-8.2/java/maven/lib/aether-util-1.13.1.jar
7f0bd801a000-7f0bd8020000 r--s 0003f000 08:01 1848923                    /home/ariel/netbeans-8.2/java/maven/lib/maven-compat-3.0.5.jar
7f0bd8020000-7f0bd82b3000 rw-p 00000000 00:00 0 
7f0bd82b3000-7f0bd848d000 r--s 03d68000 08:01 1718213                    /usr/lib/jvm/java-8-oracle/jre/lib/rt.jar
7f0bd8492000-7f0bd88eb000 rw-p 00000000 00:00 0 
7f0bd88eb000-7f0bd88ec000 ---p 00000000 00:00 0 
7f0bd88ec000-7f0bd89ec000 rw-p 00000000 00:00 0 
7f0bd89ec000-7f0bd89ed000 ---p 00000000 00:00 0 
7f0bd89ed000-7f0bd8aed000 rw-p 00000000 00:00 0 
7f0bd8aed000-7f0bd8aee000 ---p 00000000 00:00 0 
7f0bd8aee000-7f0bd8bee000 rw-p 00000000 00:00 0 
7f0bd8bee000-7f0bd8bef000 ---p 00000000 00:00 0 
7f0bd8bef000-7f0bd8d0d000 rw-p 00000000 00:00 0 
7f0bd8d0d000-7f0bd8f87000 ---p 00000000 00:00 0 
7f0bd8f87000-7f0bd8fa5000 rw-p 00000000 00:00 0 
7f0bd8fa5000-7f0bd921e000 ---p 00000000 00:00 0 
7f0bd921e000-7f0bd92a9000 rw-p 00000000 00:00 0 
7f0bd92a9000-7f0bd936a000 ---p 00000000 00:00 0 
7f0bd936a000-7f0bd93a3000 rw-p 00000000 00:00 0 
7f0bd93a3000-7f0bd972b000 ---p 00000000 00:00 0 
7f0bd972b000-7f0bd9746000 r-xp 00000000 08:01 1724845                    /usr/lib/jvm/java-8-oracle/jre/lib/amd64/libzip.so
7f0bd9746000-7f0bd9946000 ---p 0001b000 08:01 1724845                    /usr/lib/jvm/java-8-oracle/jre/lib/amd64/libzip.so
7f0bd9946000-7f0bd9947000 rw-p 0001b000 08:01 1724845                    /usr/lib/jvm/java-8-oracle/jre/lib/amd64/libzip.so
7f0bd994b000-7f0bd9956000 r-xp 00000000 08:01 1185774                    /lib/x86_64-linux-gnu/libnss_files-2.26.so
7f0bd9956000-7f0bd9b55000 ---p 0000b000 08:01 1185774                    /lib/x86_64-linux-gnu/libnss_files-2.26.so
7f0bd9b55000-7f0bd9b56000 r--p 0000a000 08:01 1185774                    /lib/x86_64-linux-gnu/libnss_files-2.26.so
7f0bd9b56000-7f0bd9b57000 rw-p 0000b000 08:01 1185774                    /lib/x86_64-linux-gnu/libnss_files-2.26.so
7f0bd9b57000-7f0bd9b5d000 rw-p 00000000 00:00 0 
7f0bd9b63000-7f0bd9b6e000 r-xp 00000000 08:01 1185776                    /lib/x86_64-linux-gnu/libnss_nis-2.26.so
7f0bd9b6e000-7f0bd9d6d000 ---p 0000b000 08:01 1185776                    /lib/x86_64-linux-gnu/libnss_nis-2.26.so
7f0bd9d6d000-7f0bd9d6e000 r--p 0000a000 08:01 1185776                    /lib/x86_64-linux-gnu/libnss_nis-2.26.so
7f0bd9d6e000-7f0bd9d6f000 rw-p 0000b000 08:01 1185776                    /lib/x86_64-linux-gnu/libnss_nis-2.26.so
7f0bd9d73000-7f0bd9d8a000 r-xp 00000000 08:01 1185771                    /lib/x86_64-linux-gnu/libnsl-2.26.so
7f0bd9d8a000-7f0bd9f89000 ---p 00017000 08:01 1185771                    /lib/x86_64-linux-gnu/libnsl-2.26.so
7f0bd9f89000-7f0bd9f8a000 r--p 00016000 08:01 1185771                    /lib/x86_64-linux-gnu/libnsl-2.26.so
7f0bd9f8a000-7f0bd9f8b000 rw-p 00017000 08:01 1185771                    /lib/x86_64-linux-gnu/libnsl-2.26.so
7f0bd9f8b000-7f0bd9f8d000 rw-p 00000000 00:00 0 
7f0bd9f93000-7f0bd9f9b000 r-xp 00000000 08:01 1185772                    /lib/x86_64-linux-gnu/libnss_compat-2.26.so
7f0bd9f9b000-7f0bda19a000 ---p 00008000 08:01 1185772                    /lib/x86_64-linux-gnu/libnss_compat-2.26.so
7f0bda19a000-7f0bda19b000 r--p 00007000 08:01 1185772                    /lib/x86_64-linux-gnu/libnss_compat-2.26.so
7f0bda19b000-7f0bda19c000 rw-p 00008000 08:01 1185772                    /lib/x86_64-linux-gnu/libnss_compat-2.26.so
7f0bda1a3000-7f0bda1ce000 r-xp 00000000 08:01 1724839                    /usr/lib/jvm/java-8-oracle/jre/lib/amd64/libjava.so
7f0bda1ce000-7f0bda3cd000 ---p 0002b000 08:01 1724839                    /usr/lib/jvm/java-8-oracle/jre/lib/amd64/libjava.so
7f0bda3cd000-7f0bda3cf000 rw-p 0002a000 08:01 1724839                    /usr/lib/jvm/java-8-oracle/jre/lib/amd64/libjava.so
7f0bda3d3000-7f0bda3e0000 r-xp 00000000 08:01 1724844                    /usr/lib/jvm/java-8-oracle/jre/lib/amd64/libverify.so
7f0bda3e0000-7f0bda5e0000 ---p 0000d000 08:01 1724844                    /usr/lib/jvm/java-8-oracle/jre/lib/amd64/libverify.so
7f0bda5e0000-7f0bda5e2000 rw-p 0000d000 08:01 1724844                    /usr/lib/jvm/java-8-oracle/jre/lib/amd64/libverify.so
7f0bda5e3000-7f0bda5ea000 r-xp 00000000 08:01 1185781                    /lib/x86_64-linux-gnu/librt-2.26.so
7f0bda5ea000-7f0bda7e9000 ---p 00007000 08:01 1185781                    /lib/x86_64-linux-gnu/librt-2.26.so
7f0bda7e9000-7f0bda7ea000 r--p 00006000 08:01 1185781                    /lib/x86_64-linux-gnu/librt-2.26.so
7f0bda7ea000-7f0bda7eb000 rw-p 00007000 08:01 1185781                    /lib/x86_64-linux-gnu/librt-2.26.so
7f0bda7eb000-7f0bda940000 r-xp 00000000 08:01 1185768                    /lib/x86_64-linux-gnu/libm-2.26.so
7f0bda940000-7f0bdab3f000 ---p 00155000 08:01 1185768                    /lib/x86_64-linux-gnu/libm-2.26.so
7f0bdab3f000-7f0bdab40000 r--p 00154000 08:01 1185768                    /lib/x86_64-linux-gnu/libm-2.26.so
7f0bdab40000-7f0bdab41000 rw-p 00155000 08:01 1185768                    /lib/x86_64-linux-gnu/libm-2.26.so
7f0bdab43000-7f0bdb81c000 r-xp 00000000 08:01 273132                     /usr/lib/jvm/java-8-oracle/jre/lib/amd64/server/libjvm.so
7f0bdb81c000-7f0bdba1b000 ---p 00cd9000 08:01 273132                     /usr/lib/jvm/java-8-oracle/jre/lib/amd64/server/libjvm.so
7f0bdba1b000-7f0bdbaf5000 rw-p 00cd8000 08:01 273132                     /usr/lib/jvm/java-8-oracle/jre/lib/amd64/server/libjvm.so
7f0bdbaf5000-7f0bdbb40000 rw-p 00000000 00:00 0 
7f0bdbb43000-7f0bdbd19000 r-xp 00000000 08:01 1185764                    /lib/x86_64-linux-gnu/libc-2.26.so
7f0bdbd19000-7f0bdbf19000 ---p 001d6000 08:01 1185764                    /lib/x86_64-linux-gnu/libc-2.26.so
7f0bdbf19000-7f0bdbf1d000 r--p 001d6000 08:01 1185764                    /lib/x86_64-linux-gnu/libc-2.26.so
7f0bdbf1d000-7f0bdbf1f000 rw-p 001da000 08:01 1185764                    /lib/x86_64-linux-gnu/libc-2.26.so
7f0bdbf1f000-7f0bdbf23000 rw-p 00000000 00:00 0 
7f0bdbf23000-7f0bdbf26000 r-xp 00000000 08:01 1185767                    /lib/x86_64-linux-gnu/libdl-2.26.so
7f0bdbf26000-7f0bdc125000 ---p 00003000 08:01 1185767                    /lib/x86_64-linux-gnu/libdl-2.26.so
7f0bdc125000-7f0bdc126000 r--p 00002000 08:01 1185767                    /lib/x86_64-linux-gnu/libdl-2.26.so
7f0bdc126000-7f0bdc127000 rw-p 00003000 08:01 1185767                    /lib/x86_64-linux-gnu/libdl-2.26.so
7f0bdc12b000-7f0bdc141000 r-xp 00000000 08:01 1716956                    /usr/lib/jvm/java-8-oracle/lib/amd64/jli/libjli.so
7f0bdc141000-7f0bdc340000 ---p 00016000 08:01 1716956                    /usr/lib/jvm/java-8-oracle/lib/amd64/jli/libjli.so
7f0bdc340000-7f0bdc341000 rw-p 00015000 08:01 1716956                    /usr/lib/jvm/java-8-oracle/lib/amd64/jli/libjli.so
7f0bdc343000-7f0bdc35d000 r-xp 00000000 08:01 1185779                    /lib/x86_64-linux-gnu/libpthread-2.26.so
7f0bdc35d000-7f0bdc55c000 ---p 0001a000 08:01 1185779                    /lib/x86_64-linux-gnu/libpthread-2.26.so
7f0bdc55c000-7f0bdc55d000 r--p 00019000 08:01 1185779                    /lib/x86_64-linux-gnu/libpthread-2.26.so
7f0bdc55d000-7f0bdc55e000 rw-p 0001a000 08:01 1185779                    /lib/x86_64-linux-gnu/libpthread-2.26.so
7f0bdc55e000-7f0bdc562000 rw-p 00000000 00:00 0 
7f0bdc563000-7f0bdc58a000 r-xp 00000000 08:01 1185584                    /lib/x86_64-linux-gnu/ld-2.26.so
7f0bdc58e000-7f0bdc592000 r--s 00033000 08:01 1848920                    /home/ariel/netbeans-8.2/java/maven/lib/plexus-utils-2.0.6.jar
7f0bdc599000-7f0bdc59b000 r--s 00006000 08:01 1848765                    /home/ariel/netbeans-8.2/java/maven/lib/aether-connector-wagon-1.13.1.jar
7f0bdc59d000-7f0bdc59f000 r--s 0000a000 08:01 1848882                    /home/ariel/netbeans-8.2/java/maven/boot/plexus-classworlds-2.4.jar
7f0bdc5a5000-7f0bdc670000 rw-p 00000000 00:00 0 
7f0bdc670000-7f0bdc673000 ---p 00000000 00:00 0 
7f0bdc673000-7f0bdc773000 rw-p 00000000 00:00 0 
7f0bdc775000-7f0bdc776000 r--s 0000a000 08:01 1848908                    /home/ariel/netbeans-8.2/java/maven/lib/maven-embedder-3.0.5.jar
7f0bdc77b000-7f0bdc783000 rw-s 00000000 08:01 418896                     /tmp/hsperfdata_ariel/35994
7f0bdc786000-7f0bdc787000 r--p 00000000 00:00 0 
7f0bdc787000-7f0bdc78a000 rw-p 00000000 00:00 0 
7f0bdc78a000-7f0bdc78b000 r--p 00027000 08:01 1185584                    /lib/x86_64-linux-gnu/ld-2.26.so
7f0bdc78b000-7f0bdc78c000 rw-p 00028000 08:01 1185584                    /lib/x86_64-linux-gnu/ld-2.26.so
7f0bdc78c000-7f0bdc78d000 rw-p 00000000 00:00 0 
7f0bdc78d000-7f0bdc78e000 ---p 00000000 00:00 0 
7ffe5d2c2000-7ffe5d2e3000 rw-p 00000000 00:00 0                          [stack]
7ffe5d343000-7ffe5d346000 r--p 00000000 00:00 0                          [vvar]
7ffe5d346000-7ffe5d348000 r-xp 00000000 00:00 0                          [vdso]
ffffffffff600000-ffffffffff601000 r-xp 00000000 00:00 0                  [vsyscall]

VM Arguments:
jvm_args: -Dclassworlds.conf=/home/ariel/netbeans-8.2/java/maven/bin/m2.conf -Dmaven.home=/home/ariel/netbeans-8.2/java/maven 
java_command: org.codehaus.plexus.classworlds.launcher.Launcher -Dmaven.ext.class.path=/home/ariel/netbeans-8.2/java/maven-nblib/netbeans-eventspy.jar clean install
java_class_path (initial): /home/ariel/netbeans-8.2/java/maven/boot/plexus-classworlds-2.4.jar
Launcher Type: SUN_STANDARD

Environment Variables:
JAVA_HOME=/usr/lib/jvm/java-8-oracle
PATH=/usr/local/sbin:/usr/local/bin:/usr/sbin:/usr/bin:/sbin:/bin:/usr/games:/usr/local/games:/snap/bin:/usr/lib/jvm/java-8-oracle/bin:/usr/lib/jvm/java-8-oracle/db/bin:/usr/lib/jvm/java-8-oracle/jre/bin
USERNAME=ariel
LD_LIBRARY_PATH=/usr/lib/jvm/java-8-oracle/jre/lib/amd64:/usr/lib/jvm/java-8-oracle/jre/lib/i386:
SHELL=/bin/bash
DISPLAY=:0

Signal Handlers:
SIGSEGV: [libjvm.so+0xad0890], sa_mask[0]=11111111011111111101111111111110, sa_flags=SA_RESTART|SA_SIGINFO
SIGBUS: [libjvm.so+0xad0890], sa_mask[0]=11111111011111111101111111111110, sa_flags=SA_RESTART|SA_SIGINFO
SIGFPE: [libjvm.so+0x928640], sa_mask[0]=11111111011111111101111111111110, sa_flags=SA_RESTART|SA_SIGINFO
SIGPIPE: [libjvm.so+0x928640], sa_mask[0]=11111111011111111101111111111110, sa_flags=SA_RESTART|SA_SIGINFO
SIGXFSZ: [libjvm.so+0x928640], sa_mask[0]=11111111011111111101111111111110, sa_flags=SA_RESTART|SA_SIGINFO
SIGILL: [libjvm.so+0x928640], sa_mask[0]=11111111011111111101111111111110, sa_flags=SA_RESTART|SA_SIGINFO
SIGUSR1: SIG_DFL, sa_mask[0]=00000000000000000000000000000000, sa_flags=none
SIGUSR2: [libjvm.so+0x929ea0], sa_mask[0]=00100000000000000000000000000000, sa_flags=SA_RESTART|SA_SIGINFO
SIGHUP: [libjvm.so+0x92b2a0], sa_mask[0]=11111111011111111101111111111110, sa_flags=SA_RESTART|SA_SIGINFO
SIGINT: SIG_IGN, sa_mask[0]=00000000000000000000000000000000, sa_flags=none
SIGTERM: [libjvm.so+0x92b2a0], sa_mask[0]=11111111011111111101111111111110, sa_flags=SA_RESTART|SA_SIGINFO
SIGQUIT: [libjvm.so+0x92b2a0], sa_mask[0]=11111111011111111101111111111110, sa_flags=SA_RESTART|SA_SIGINFO


---------------  S Y S T E M  ---------------

OS:DISTRIB_ID=Ubuntu
DISTRIB_RELEASE=17.10
DISTRIB_CODENAME=artful
DISTRIB_DESCRIPTION="Ubuntu 17.10"

uname:Linux 4.13.0-39-generic #44-Ubuntu SMP Thu Apr 5 14:25:01 UTC 2018 x86_64
libc:glibc 2.26 NPTL 2.26 
rlimit: STACK 8192k, CORE 0k, NPROC 31605, NOFILE 1048576, AS infinity
load average:8.68 2.98 1.68

/proc/meminfo:
MemTotal:        8145224 kB
MemFree:          124692 kB
MemAvailable:      35096 kB
Buffers:            3284 kB
Cached:           246828 kB
SwapCached:        38044 kB
Active:          5896184 kB
Inactive:         873620 kB
Active(anon):    5885596 kB
Inactive(anon):   840868 kB
Active(file):      10588 kB
Inactive(file):    32752 kB
Unevictable:        1304 kB
Mlocked:            1304 kB
SwapTotal:       1459804 kB
SwapFree:            176 kB
Dirty:               956 kB
Writeback:          2040 kB
AnonPages:       6483840 kB
Mapped:           148724 kB
Shmem:            206308 kB
Slab:             148208 kB
SReclaimable:      51144 kB
SUnreclaim:        97064 kB
KernelStack:       22896 kB
PageTables:        94976 kB
NFS_Unstable:          0 kB
Bounce:                0 kB
WritebackTmp:          0 kB
CommitLimit:     5532416 kB
Committed_AS:   19953972 kB
VmallocTotal:   34359738367 kB
VmallocUsed:           0 kB
VmallocChunk:          0 kB
HardwareCorrupted:     0 kB
AnonHugePages:         0 kB
ShmemHugePages:        0 kB
ShmemPmdMapped:        0 kB
CmaTotal:              0 kB
CmaFree:               0 kB
HugePages_Total:       0
HugePages_Free:        0
HugePages_Rsvd:        0
HugePages_Surp:        0
Hugepagesize:       2048 kB
DirectMap4k:      718656 kB
DirectMap2M:     7669760 kB
DirectMap1G:     2097152 kB


CPU:total 4 (initial active 4) (1 cores per cpu, 1 threads per core) family 21 model 2 stepping 0, cmov, cx8, fxsr, mmx, sse, sse2, sse3, ssse3, sse4.1, sse4.2, popcnt, avx, aes, clmul, mmxext, 3dnowpref, lzcnt, sse4a, tsc, tscinvbit, tscinv, bmi1

/proc/cpuinfo:
processor	: 0
vendor_id	: AuthenticAMD
cpu family	: 21
model		: 2
model name	: AMD FX(tm)-8350 Eight-Core Processor
stepping	: 0
microcode	: 0x600081f
cpu MHz		: 4013.503
cache size	: 2048 KB
physical id	: 0
siblings	: 1
core id		: 0
cpu cores	: 1
apicid		: 0
initial apicid	: 0
fpu		: yes
fpu_exception	: yes
cpuid level	: 13
wp		: yes
flags		: fpu vme de pse tsc msr pae mce cx8 apic sep mtrr pge mca cmov pat pse36 clflush mmx fxsr sse sse2 syscall nx mmxext fxsr_opt pdpe1gb rdtscp lm constant_tsc rep_good nopl tsc_reliable nonstop_tsc cpuid pni pclmulqdq ssse3 fma cx16 sse4_1 sse4_2 x2apic popcnt aes xsave avx f16c hypervisor lahf_lm extapic cr8_legacy abm sse4a misalignsse 3dnowprefetch osvw xop fma4 tbm retpoline retpoline_amd rsb_ctxsw vmmcall bmi1 arat
bugs		: fxsave_leak sysret_ss_attrs null_seg spectre_v1 spectre_v2
bogomips	: 8027.00
TLB size	: 1536 4K pages
clflush size	: 64
cache_alignment	: 64
address sizes	: 43 bits physical, 48 bits virtual
power management:

processor	: 1
vendor_id	: AuthenticAMD
cpu family	: 21
model		: 2
model name	: AMD FX(tm)-8350 Eight-Core Processor
stepping	: 0
microcode	: 0x600081f
cpu MHz		: 4013.503
cache size	: 2048 KB
physical id	: 2
siblings	: 1
core id		: 0
cpu cores	: 1
apicid		: 2
initial apicid	: 2
fpu		: yes
fpu_exception	: yes
cpuid level	: 13
wp		: yes
flags		: fpu vme de pse tsc msr pae mce cx8 apic sep mtrr pge mca cmov pat pse36 clflush mmx fxsr sse sse2 syscall nx mmxext fxsr_opt pdpe1gb rdtscp lm constant_tsc rep_good nopl tsc_reliable nonstop_tsc cpuid pni pclmulqdq ssse3 fma cx16 sse4_1 sse4_2 x2apic popcnt aes xsave avx f16c hypervisor lahf_lm extapic cr8_legacy abm sse4a misalignsse 3dnowprefetch osvw xop fma4 tbm retpoline retpoline_amd rsb_ctxsw vmmcall bmi1 arat
bugs		: fxsave_leak sysret_ss_attrs null_seg spectre_v1 spectre_v2
bogomips	: 8027.00
TLB size	: 1536 4K pages
clflush size	: 64
cache_alignment	: 64
address sizes	: 43 bits physical, 48 bits virtual
power management:

processor	: 2
vendor_id	: AuthenticAMD
cpu family	: 21
model		: 2
model name	: AMD FX(tm)-8350 Eight-Core Processor
stepping	: 0
microcode	: 0x600081f
cpu MHz		: 4013.503
cache size	: 2048 KB
physical id	: 4
siblings	: 1
core id		: 0
cpu cores	: 1
apicid		: 4
initial apicid	: 4
fpu		: yes
fpu_exception	: yes
cpuid level	: 13
wp		: yes
flags		: fpu vme de pse tsc msr pae mce cx8 apic sep mtrr pge mca cmov pat pse36 clflush mmx fxsr sse sse2 syscall nx mmxext fxsr_opt pdpe1gb rdtscp lm constant_tsc rep_good nopl tsc_reliable nonstop_tsc cpuid pni pclmulqdq ssse3 fma cx16 sse4_1 sse4_2 x2apic popcnt aes xsave avx f16c hypervisor lahf_lm extapic cr8_legacy abm sse4a misalignsse 3dnowprefetch osvw xop fma4 tbm retpoline retpoline_amd rsb_ctxsw vmmcall bmi1 arat
bugs		: fxsave_leak sysret_ss_attrs null_seg spectre_v1 spectre_v2
bogomips	: 8027.00
TLB size	: 1536 4K pages
clflush size	: 64
cache_alignment	: 64
address sizes	: 43 bits physical, 48 bits virtual
power management:

processor	: 3
vendor_id	: AuthenticAMD
cpu family	: 21
model		: 2
model name	: AMD FX(tm)-8350 Eight-Core Processor
stepping	: 0
microcode	: 0x600081f
cpu MHz		: 4013.503
cache size	: 2048 KB
physical id	: 6
siblings	: 1
core id		: 0
cpu cores	: 1
apicid		: 6
initial apicid	: 6
fpu		: yes
fpu_exception	: yes
cpuid level	: 13
wp		: yes
flags		: fpu vme de pse tsc msr pae mce cx8 apic sep mtrr pge mca cmov pat pse36 clflush mmx fxsr sse sse2 syscall nx mmxext fxsr_opt pdpe1gb rdtscp lm constant_tsc rep_good nopl tsc_reliable nonstop_tsc cpuid pni pclmulqdq ssse3 fma cx16 sse4_1 sse4_2 x2apic popcnt aes xsave avx f16c hypervisor lahf_lm extapic cr8_legacy abm sse4a misalignsse 3dnowprefetch osvw xop fma4 tbm retpoline retpoline_amd rsb_ctxsw vmmcall bmi1 arat
bugs		: fxsave_leak sysret_ss_attrs null_seg spectre_v1 spectre_v2
bogomips	: 8027.00
TLB size	: 1536 4K pages
clflush size	: 64
cache_alignment	: 64
address sizes	: 43 bits physical, 48 bits virtual
power management:



Memory: 4k page, physical 8145224k(126088k free), swap 1459804k(176k free)

vm_info: Java HotSpot(TM) 64-Bit Server VM (25.171-b11) for linux-amd64 JRE (1.8.0_171-b11), built on Mar 28 2018 17:07:08 by "java_re" with gcc 4.3.0 20080428 (Red Hat 4.3.0-8)

time: Wed May  9 22:31:17 2018
elapsed time: 48 seconds (0d 0h 0m 48s)

